2019-06-02 17:40:23.8822 FATAL    -Object reference not set to an instance of an object. 
2019-06-02 19:01:44.1384 FATAL    - 
2019-06-02 19:06:04.7280 FATAL    -The view 'Category' or its master was not found or no view engine supports the searched locations. The following locations were searched:
~/Areas/Admin/Views/Dashboard/Category.aspx
~/Areas/Admin/Views/Dashboard/Category.ascx
~/Areas/Admin/Views/Shared/Category.aspx
~/Areas/Admin/Views/Shared/Category.ascx
~/Views/Dashboard/Category.aspx
~/Views/Dashboard/Category.ascx
~/Views/Shared/Category.aspx
~/Views/Shared/Category.ascx
~/Areas/Admin/Views/Dashboard/Category.cshtml
~/Areas/Admin/Views/Dashboard/Category.vbhtml
~/Areas/Admin/Views/Shared/Category.cshtml
~/Areas/Admin/Views/Shared/Category.vbhtml
~/Views/Dashboard/Category.cshtml
~/Views/Dashboard/Category.vbhtml
~/Views/Shared/Category.cshtml
~/Views/Shared/Category.vbhtml 
2019-06-02 19:06:41.3652 FATAL    -The view 'Category' or its master was not found or no view engine supports the searched locations. The following locations were searched:
~/Areas/Admin/Views/Dashboard/Category.aspx
~/Areas/Admin/Views/Dashboard/Category.ascx
~/Areas/Admin/Views/Shared/Category.aspx
~/Areas/Admin/Views/Shared/Category.ascx
~/Views/Dashboard/Category.aspx
~/Views/Dashboard/Category.ascx
~/Views/Shared/Category.aspx
~/Views/Shared/Category.ascx
~/Areas/Admin/Views/Dashboard/Category.cshtml
~/Areas/Admin/Views/Dashboard/Category.vbhtml
~/Areas/Admin/Views/Shared/Category.cshtml
~/Areas/Admin/Views/Shared/Category.vbhtml
~/Views/Dashboard/Category.cshtml
~/Views/Dashboard/Category.vbhtml
~/Views/Shared/Category.cshtml
~/Views/Shared/Category.vbhtml 
2019-06-02 19:06:42.5989 FATAL    -The view 'Skill' or its master was not found or no view engine supports the searched locations. The following locations were searched:
~/Areas/Admin/Views/Dashboard/Skill.aspx
~/Areas/Admin/Views/Dashboard/Skill.ascx
~/Areas/Admin/Views/Shared/Skill.aspx
~/Areas/Admin/Views/Shared/Skill.ascx
~/Views/Dashboard/Skill.aspx
~/Views/Dashboard/Skill.ascx
~/Views/Shared/Skill.aspx
~/Views/Shared/Skill.ascx
~/Areas/Admin/Views/Dashboard/Skill.cshtml
~/Areas/Admin/Views/Dashboard/Skill.vbhtml
~/Areas/Admin/Views/Shared/Skill.cshtml
~/Areas/Admin/Views/Shared/Skill.vbhtml
~/Views/Dashboard/Skill.cshtml
~/Views/Dashboard/Skill.vbhtml
~/Views/Shared/Skill.cshtml
~/Views/Shared/Skill.vbhtml 
2019-06-02 19:06:56.9194 FATAL    -The view 'Category' or its master was not found or no view engine supports the searched locations. The following locations were searched:
~/Areas/Admin/Views/Dashboard/Category.aspx
~/Areas/Admin/Views/Dashboard/Category.ascx
~/Areas/Admin/Views/Shared/Category.aspx
~/Areas/Admin/Views/Shared/Category.ascx
~/Views/Dashboard/Category.aspx
~/Views/Dashboard/Category.ascx
~/Views/Shared/Category.aspx
~/Views/Shared/Category.ascx
~/Areas/Admin/Views/Dashboard/Category.cshtml
~/Areas/Admin/Views/Dashboard/Category.vbhtml
~/Areas/Admin/Views/Shared/Category.cshtml
~/Areas/Admin/Views/Shared/Category.vbhtml
~/Views/Dashboard/Category.cshtml
~/Views/Dashboard/Category.vbhtml
~/Views/Shared/Category.cshtml
~/Views/Shared/Category.vbhtml 
2019-06-02 19:06:57.9729 FATAL    -The view 'Skill' or its master was not found or no view engine supports the searched locations. The following locations were searched:
~/Areas/Admin/Views/Dashboard/Skill.aspx
~/Areas/Admin/Views/Dashboard/Skill.ascx
~/Areas/Admin/Views/Shared/Skill.aspx
~/Areas/Admin/Views/Shared/Skill.ascx
~/Views/Dashboard/Skill.aspx
~/Views/Dashboard/Skill.ascx
~/Views/Shared/Skill.aspx
~/Views/Shared/Skill.ascx
~/Areas/Admin/Views/Dashboard/Skill.cshtml
~/Areas/Admin/Views/Dashboard/Skill.vbhtml
~/Areas/Admin/Views/Shared/Skill.cshtml
~/Areas/Admin/Views/Shared/Skill.vbhtml
~/Views/Dashboard/Skill.cshtml
~/Views/Dashboard/Skill.vbhtml
~/Views/Shared/Skill.cshtml
~/Views/Shared/Skill.vbhtml 
2019-06-02 19:09:09.7936 FATAL    -The view 'Category' or its master was not found or no view engine supports the searched locations. The following locations were searched:
~/Areas/Admin/Views/Dashboard/Category.aspx
~/Areas/Admin/Views/Dashboard/Category.ascx
~/Areas/Admin/Views/Shared/Category.aspx
~/Areas/Admin/Views/Shared/Category.ascx
~/Views/Dashboard/Category.aspx
~/Views/Dashboard/Category.ascx
~/Views/Shared/Category.aspx
~/Views/Shared/Category.ascx
~/Areas/Admin/Views/Dashboard/Category.cshtml
~/Areas/Admin/Views/Dashboard/Category.vbhtml
~/Areas/Admin/Views/Shared/Category.cshtml
~/Areas/Admin/Views/Shared/Category.vbhtml
~/Views/Dashboard/Category.cshtml
~/Views/Dashboard/Category.vbhtml
~/Views/Shared/Category.cshtml
~/Views/Shared/Category.vbhtml 
2019-06-02 19:09:10.9912 FATAL    -The view 'Skill' or its master was not found or no view engine supports the searched locations. The following locations were searched:
~/Areas/Admin/Views/Dashboard/Skill.aspx
~/Areas/Admin/Views/Dashboard/Skill.ascx
~/Areas/Admin/Views/Shared/Skill.aspx
~/Areas/Admin/Views/Shared/Skill.ascx
~/Views/Dashboard/Skill.aspx
~/Views/Dashboard/Skill.ascx
~/Views/Shared/Skill.aspx
~/Views/Shared/Skill.ascx
~/Areas/Admin/Views/Dashboard/Skill.cshtml
~/Areas/Admin/Views/Dashboard/Skill.vbhtml
~/Areas/Admin/Views/Shared/Skill.cshtml
~/Areas/Admin/Views/Shared/Skill.vbhtml
~/Views/Dashboard/Skill.cshtml
~/Views/Dashboard/Skill.vbhtml
~/Views/Shared/Skill.cshtml
~/Views/Shared/Skill.vbhtml 
2019-06-02 19:11:36.1752 FATAL    -The view 'Category' or its master was not found or no view engine supports the searched locations. The following locations were searched:
~/Areas/Admin/Views/Dashboard/Category.aspx
~/Areas/Admin/Views/Dashboard/Category.ascx
~/Areas/Admin/Views/Shared/Category.aspx
~/Areas/Admin/Views/Shared/Category.ascx
~/Views/Dashboard/Category.aspx
~/Views/Dashboard/Category.ascx
~/Views/Shared/Category.aspx
~/Views/Shared/Category.ascx
~/Areas/Admin/Views/Dashboard/Category.cshtml
~/Areas/Admin/Views/Dashboard/Category.vbhtml
~/Areas/Admin/Views/Shared/Category.cshtml
~/Areas/Admin/Views/Shared/Category.vbhtml
~/Views/Dashboard/Category.cshtml
~/Views/Dashboard/Category.vbhtml
~/Views/Shared/Category.cshtml
~/Views/Shared/Category.vbhtml 
2019-06-02 19:11:38.4691 FATAL    -The view 'Skill' or its master was not found or no view engine supports the searched locations. The following locations were searched:
~/Areas/Admin/Views/Dashboard/Skill.aspx
~/Areas/Admin/Views/Dashboard/Skill.ascx
~/Areas/Admin/Views/Shared/Skill.aspx
~/Areas/Admin/Views/Shared/Skill.ascx
~/Views/Dashboard/Skill.aspx
~/Views/Dashboard/Skill.ascx
~/Views/Shared/Skill.aspx
~/Views/Shared/Skill.ascx
~/Areas/Admin/Views/Dashboard/Skill.cshtml
~/Areas/Admin/Views/Dashboard/Skill.vbhtml
~/Areas/Admin/Views/Shared/Skill.cshtml
~/Areas/Admin/Views/Shared/Skill.vbhtml
~/Views/Dashboard/Skill.cshtml
~/Views/Dashboard/Skill.vbhtml
~/Views/Shared/Skill.cshtml
~/Views/Shared/Skill.vbhtml 
2019-06-02 19:12:06.5706 FATAL    -The view 'Category' or its master was not found or no view engine supports the searched locations. The following locations were searched:
~/Areas/Admin/Views/Dashboard/Category.aspx
~/Areas/Admin/Views/Dashboard/Category.ascx
~/Areas/Admin/Views/Shared/Category.aspx
~/Areas/Admin/Views/Shared/Category.ascx
~/Views/Dashboard/Category.aspx
~/Views/Dashboard/Category.ascx
~/Views/Shared/Category.aspx
~/Views/Shared/Category.ascx
~/Areas/Admin/Views/Dashboard/Category.cshtml
~/Areas/Admin/Views/Dashboard/Category.vbhtml
~/Areas/Admin/Views/Shared/Category.cshtml
~/Areas/Admin/Views/Shared/Category.vbhtml
~/Views/Dashboard/Category.cshtml
~/Views/Dashboard/Category.vbhtml
~/Views/Shared/Category.cshtml
~/Views/Shared/Category.vbhtml 
2019-06-02 19:12:08.7662 FATAL    -The view 'Category' or its master was not found or no view engine supports the searched locations. The following locations were searched:
~/Areas/Admin/Views/Dashboard/Category.aspx
~/Areas/Admin/Views/Dashboard/Category.ascx
~/Areas/Admin/Views/Shared/Category.aspx
~/Areas/Admin/Views/Shared/Category.ascx
~/Views/Dashboard/Category.aspx
~/Views/Dashboard/Category.ascx
~/Views/Shared/Category.aspx
~/Views/Shared/Category.ascx
~/Areas/Admin/Views/Dashboard/Category.cshtml
~/Areas/Admin/Views/Dashboard/Category.vbhtml
~/Areas/Admin/Views/Shared/Category.cshtml
~/Areas/Admin/Views/Shared/Category.vbhtml
~/Views/Dashboard/Category.cshtml
~/Views/Dashboard/Category.vbhtml
~/Views/Shared/Category.cshtml
~/Views/Shared/Category.vbhtml 
2019-06-02 19:12:09.6259 FATAL    -The view 'Category' or its master was not found or no view engine supports the searched locations. The following locations were searched:
~/Areas/Admin/Views/Dashboard/Category.aspx
~/Areas/Admin/Views/Dashboard/Category.ascx
~/Areas/Admin/Views/Shared/Category.aspx
~/Areas/Admin/Views/Shared/Category.ascx
~/Views/Dashboard/Category.aspx
~/Views/Dashboard/Category.ascx
~/Views/Shared/Category.aspx
~/Views/Shared/Category.ascx
~/Areas/Admin/Views/Dashboard/Category.cshtml
~/Areas/Admin/Views/Dashboard/Category.vbhtml
~/Areas/Admin/Views/Shared/Category.cshtml
~/Areas/Admin/Views/Shared/Category.vbhtml
~/Views/Dashboard/Category.cshtml
~/Views/Dashboard/Category.vbhtml
~/Views/Shared/Category.cshtml
~/Views/Shared/Category.vbhtml 
2019-06-02 19:12:10.6028 FATAL    -The view 'Category' or its master was not found or no view engine supports the searched locations. The following locations were searched:
~/Areas/Admin/Views/Dashboard/Category.aspx
~/Areas/Admin/Views/Dashboard/Category.ascx
~/Areas/Admin/Views/Shared/Category.aspx
~/Areas/Admin/Views/Shared/Category.ascx
~/Views/Dashboard/Category.aspx
~/Views/Dashboard/Category.ascx
~/Views/Shared/Category.aspx
~/Views/Shared/Category.ascx
~/Areas/Admin/Views/Dashboard/Category.cshtml
~/Areas/Admin/Views/Dashboard/Category.vbhtml
~/Areas/Admin/Views/Shared/Category.cshtml
~/Areas/Admin/Views/Shared/Category.vbhtml
~/Views/Dashboard/Category.cshtml
~/Views/Dashboard/Category.vbhtml
~/Views/Shared/Category.cshtml
~/Views/Shared/Category.vbhtml 
2019-06-02 19:12:11.5118 FATAL    -The view 'Category' or its master was not found or no view engine supports the searched locations. The following locations were searched:
~/Areas/Admin/Views/Dashboard/Category.aspx
~/Areas/Admin/Views/Dashboard/Category.ascx
~/Areas/Admin/Views/Shared/Category.aspx
~/Areas/Admin/Views/Shared/Category.ascx
~/Views/Dashboard/Category.aspx
~/Views/Dashboard/Category.ascx
~/Views/Shared/Category.aspx
~/Views/Shared/Category.ascx
~/Areas/Admin/Views/Dashboard/Category.cshtml
~/Areas/Admin/Views/Dashboard/Category.vbhtml
~/Areas/Admin/Views/Shared/Category.cshtml
~/Areas/Admin/Views/Shared/Category.vbhtml
~/Views/Dashboard/Category.cshtml
~/Views/Dashboard/Category.vbhtml
~/Views/Shared/Category.cshtml
~/Views/Shared/Category.vbhtml 
2019-06-02 19:12:12.3401 FATAL    -The view 'Category' or its master was not found or no view engine supports the searched locations. The following locations were searched:
~/Areas/Admin/Views/Dashboard/Category.aspx
~/Areas/Admin/Views/Dashboard/Category.ascx
~/Areas/Admin/Views/Shared/Category.aspx
~/Areas/Admin/Views/Shared/Category.ascx
~/Views/Dashboard/Category.aspx
~/Views/Dashboard/Category.ascx
~/Views/Shared/Category.aspx
~/Views/Shared/Category.ascx
~/Areas/Admin/Views/Dashboard/Category.cshtml
~/Areas/Admin/Views/Dashboard/Category.vbhtml
~/Areas/Admin/Views/Shared/Category.cshtml
~/Areas/Admin/Views/Shared/Category.vbhtml
~/Views/Dashboard/Category.cshtml
~/Views/Dashboard/Category.vbhtml
~/Views/Shared/Category.cshtml
~/Views/Shared/Category.vbhtml 
2019-06-02 19:12:13.1864 FATAL    -The view 'Category' or its master was not found or no view engine supports the searched locations. The following locations were searched:
~/Areas/Admin/Views/Dashboard/Category.aspx
~/Areas/Admin/Views/Dashboard/Category.ascx
~/Areas/Admin/Views/Shared/Category.aspx
~/Areas/Admin/Views/Shared/Category.ascx
~/Views/Dashboard/Category.aspx
~/Views/Dashboard/Category.ascx
~/Views/Shared/Category.aspx
~/Views/Shared/Category.ascx
~/Areas/Admin/Views/Dashboard/Category.cshtml
~/Areas/Admin/Views/Dashboard/Category.vbhtml
~/Areas/Admin/Views/Shared/Category.cshtml
~/Areas/Admin/Views/Shared/Category.vbhtml
~/Views/Dashboard/Category.cshtml
~/Views/Dashboard/Category.vbhtml
~/Views/Shared/Category.cshtml
~/Views/Shared/Category.vbhtml 
2019-06-02 19:12:14.0817 FATAL    -The view 'Category' or its master was not found or no view engine supports the searched locations. The following locations were searched:
~/Areas/Admin/Views/Dashboard/Category.aspx
~/Areas/Admin/Views/Dashboard/Category.ascx
~/Areas/Admin/Views/Shared/Category.aspx
~/Areas/Admin/Views/Shared/Category.ascx
~/Views/Dashboard/Category.aspx
~/Views/Dashboard/Category.ascx
~/Views/Shared/Category.aspx
~/Views/Shared/Category.ascx
~/Areas/Admin/Views/Dashboard/Category.cshtml
~/Areas/Admin/Views/Dashboard/Category.vbhtml
~/Areas/Admin/Views/Shared/Category.cshtml
~/Areas/Admin/Views/Shared/Category.vbhtml
~/Views/Dashboard/Category.cshtml
~/Views/Dashboard/Category.vbhtml
~/Views/Shared/Category.cshtml
~/Views/Shared/Category.vbhtml 
2019-06-02 19:12:15.0855 FATAL    -The view 'Category' or its master was not found or no view engine supports the searched locations. The following locations were searched:
~/Areas/Admin/Views/Dashboard/Category.aspx
~/Areas/Admin/Views/Dashboard/Category.ascx
~/Areas/Admin/Views/Shared/Category.aspx
~/Areas/Admin/Views/Shared/Category.ascx
~/Views/Dashboard/Category.aspx
~/Views/Dashboard/Category.ascx
~/Views/Shared/Category.aspx
~/Views/Shared/Category.ascx
~/Areas/Admin/Views/Dashboard/Category.cshtml
~/Areas/Admin/Views/Dashboard/Category.vbhtml
~/Areas/Admin/Views/Shared/Category.cshtml
~/Areas/Admin/Views/Shared/Category.vbhtml
~/Views/Dashboard/Category.cshtml
~/Views/Dashboard/Category.vbhtml
~/Views/Shared/Category.cshtml
~/Views/Shared/Category.vbhtml 
2019-06-02 19:12:15.9120 FATAL    -The view 'Category' or its master was not found or no view engine supports the searched locations. The following locations were searched:
~/Areas/Admin/Views/Dashboard/Category.aspx
~/Areas/Admin/Views/Dashboard/Category.ascx
~/Areas/Admin/Views/Shared/Category.aspx
~/Areas/Admin/Views/Shared/Category.ascx
~/Views/Dashboard/Category.aspx
~/Views/Dashboard/Category.ascx
~/Views/Shared/Category.aspx
~/Views/Shared/Category.ascx
~/Areas/Admin/Views/Dashboard/Category.cshtml
~/Areas/Admin/Views/Dashboard/Category.vbhtml
~/Areas/Admin/Views/Shared/Category.cshtml
~/Areas/Admin/Views/Shared/Category.vbhtml
~/Views/Dashboard/Category.cshtml
~/Views/Dashboard/Category.vbhtml
~/Views/Shared/Category.cshtml
~/Views/Shared/Category.vbhtml 
2019-06-02 19:12:16.9529 FATAL    -The view 'Category' or its master was not found or no view engine supports the searched locations. The following locations were searched:
~/Areas/Admin/Views/Dashboard/Category.aspx
~/Areas/Admin/Views/Dashboard/Category.ascx
~/Areas/Admin/Views/Shared/Category.aspx
~/Areas/Admin/Views/Shared/Category.ascx
~/Views/Dashboard/Category.aspx
~/Views/Dashboard/Category.ascx
~/Views/Shared/Category.aspx
~/Views/Shared/Category.ascx
~/Areas/Admin/Views/Dashboard/Category.cshtml
~/Areas/Admin/Views/Dashboard/Category.vbhtml
~/Areas/Admin/Views/Shared/Category.cshtml
~/Areas/Admin/Views/Shared/Category.vbhtml
~/Views/Dashboard/Category.cshtml
~/Views/Dashboard/Category.vbhtml
~/Views/Shared/Category.cshtml
~/Views/Shared/Category.vbhtml 
2019-06-02 19:12:17.9167 FATAL    -The view 'Category' or its master was not found or no view engine supports the searched locations. The following locations were searched:
~/Areas/Admin/Views/Dashboard/Category.aspx
~/Areas/Admin/Views/Dashboard/Category.ascx
~/Areas/Admin/Views/Shared/Category.aspx
~/Areas/Admin/Views/Shared/Category.ascx
~/Views/Dashboard/Category.aspx
~/Views/Dashboard/Category.ascx
~/Views/Shared/Category.aspx
~/Views/Shared/Category.ascx
~/Areas/Admin/Views/Dashboard/Category.cshtml
~/Areas/Admin/Views/Dashboard/Category.vbhtml
~/Areas/Admin/Views/Shared/Category.cshtml
~/Areas/Admin/Views/Shared/Category.vbhtml
~/Views/Dashboard/Category.cshtml
~/Views/Dashboard/Category.vbhtml
~/Views/Shared/Category.cshtml
~/Views/Shared/Category.vbhtml 
2019-06-02 19:12:18.7940 FATAL    -The view 'Category' or its master was not found or no view engine supports the searched locations. The following locations were searched:
~/Areas/Admin/Views/Dashboard/Category.aspx
~/Areas/Admin/Views/Dashboard/Category.ascx
~/Areas/Admin/Views/Shared/Category.aspx
~/Areas/Admin/Views/Shared/Category.ascx
~/Views/Dashboard/Category.aspx
~/Views/Dashboard/Category.ascx
~/Views/Shared/Category.aspx
~/Views/Shared/Category.ascx
~/Areas/Admin/Views/Dashboard/Category.cshtml
~/Areas/Admin/Views/Dashboard/Category.vbhtml
~/Areas/Admin/Views/Shared/Category.cshtml
~/Areas/Admin/Views/Shared/Category.vbhtml
~/Views/Dashboard/Category.cshtml
~/Views/Dashboard/Category.vbhtml
~/Views/Shared/Category.cshtml
~/Views/Shared/Category.vbhtml 
2019-06-02 19:12:19.6094 FATAL    -The view 'Category' or its master was not found or no view engine supports the searched locations. The following locations were searched:
~/Areas/Admin/Views/Dashboard/Category.aspx
~/Areas/Admin/Views/Dashboard/Category.ascx
~/Areas/Admin/Views/Shared/Category.aspx
~/Areas/Admin/Views/Shared/Category.ascx
~/Views/Dashboard/Category.aspx
~/Views/Dashboard/Category.ascx
~/Views/Shared/Category.aspx
~/Views/Shared/Category.ascx
~/Areas/Admin/Views/Dashboard/Category.cshtml
~/Areas/Admin/Views/Dashboard/Category.vbhtml
~/Areas/Admin/Views/Shared/Category.cshtml
~/Areas/Admin/Views/Shared/Category.vbhtml
~/Views/Dashboard/Category.cshtml
~/Views/Dashboard/Category.vbhtml
~/Views/Shared/Category.cshtml
~/Views/Shared/Category.vbhtml 
2019-06-02 19:12:20.5346 FATAL    -The view 'Category' or its master was not found or no view engine supports the searched locations. The following locations were searched:
~/Areas/Admin/Views/Dashboard/Category.aspx
~/Areas/Admin/Views/Dashboard/Category.ascx
~/Areas/Admin/Views/Shared/Category.aspx
~/Areas/Admin/Views/Shared/Category.ascx
~/Views/Dashboard/Category.aspx
~/Views/Dashboard/Category.ascx
~/Views/Shared/Category.aspx
~/Views/Shared/Category.ascx
~/Areas/Admin/Views/Dashboard/Category.cshtml
~/Areas/Admin/Views/Dashboard/Category.vbhtml
~/Areas/Admin/Views/Shared/Category.cshtml
~/Areas/Admin/Views/Shared/Category.vbhtml
~/Views/Dashboard/Category.cshtml
~/Views/Dashboard/Category.vbhtml
~/Views/Shared/Category.cshtml
~/Views/Shared/Category.vbhtml 
2019-06-02 19:12:21.3989 FATAL    -The view 'Category' or its master was not found or no view engine supports the searched locations. The following locations were searched:
~/Areas/Admin/Views/Dashboard/Category.aspx
~/Areas/Admin/Views/Dashboard/Category.ascx
~/Areas/Admin/Views/Shared/Category.aspx
~/Areas/Admin/Views/Shared/Category.ascx
~/Views/Dashboard/Category.aspx
~/Views/Dashboard/Category.ascx
~/Views/Shared/Category.aspx
~/Views/Shared/Category.ascx
~/Areas/Admin/Views/Dashboard/Category.cshtml
~/Areas/Admin/Views/Dashboard/Category.vbhtml
~/Areas/Admin/Views/Shared/Category.cshtml
~/Areas/Admin/Views/Shared/Category.vbhtml
~/Views/Dashboard/Category.cshtml
~/Views/Dashboard/Category.vbhtml
~/Views/Shared/Category.cshtml
~/Views/Shared/Category.vbhtml 
2019-06-02 19:12:22.3805 FATAL    -The view 'Category' or its master was not found or no view engine supports the searched locations. The following locations were searched:
~/Areas/Admin/Views/Dashboard/Category.aspx
~/Areas/Admin/Views/Dashboard/Category.ascx
~/Areas/Admin/Views/Shared/Category.aspx
~/Areas/Admin/Views/Shared/Category.ascx
~/Views/Dashboard/Category.aspx
~/Views/Dashboard/Category.ascx
~/Views/Shared/Category.aspx
~/Views/Shared/Category.ascx
~/Areas/Admin/Views/Dashboard/Category.cshtml
~/Areas/Admin/Views/Dashboard/Category.vbhtml
~/Areas/Admin/Views/Shared/Category.cshtml
~/Areas/Admin/Views/Shared/Category.vbhtml
~/Views/Dashboard/Category.cshtml
~/Views/Dashboard/Category.vbhtml
~/Views/Shared/Category.cshtml
~/Views/Shared/Category.vbhtml 
2019-06-02 19:12:23.2991 FATAL    -The view 'Category' or its master was not found or no view engine supports the searched locations. The following locations were searched:
~/Areas/Admin/Views/Dashboard/Category.aspx
~/Areas/Admin/Views/Dashboard/Category.ascx
~/Areas/Admin/Views/Shared/Category.aspx
~/Areas/Admin/Views/Shared/Category.ascx
~/Views/Dashboard/Category.aspx
~/Views/Dashboard/Category.ascx
~/Views/Shared/Category.aspx
~/Views/Shared/Category.ascx
~/Areas/Admin/Views/Dashboard/Category.cshtml
~/Areas/Admin/Views/Dashboard/Category.vbhtml
~/Areas/Admin/Views/Shared/Category.cshtml
~/Areas/Admin/Views/Shared/Category.vbhtml
~/Views/Dashboard/Category.cshtml
~/Views/Dashboard/Category.vbhtml
~/Views/Shared/Category.cshtml
~/Views/Shared/Category.vbhtml 
2019-06-02 19:12:24.1743 FATAL    -The view 'Category' or its master was not found or no view engine supports the searched locations. The following locations were searched:
~/Areas/Admin/Views/Dashboard/Category.aspx
~/Areas/Admin/Views/Dashboard/Category.ascx
~/Areas/Admin/Views/Shared/Category.aspx
~/Areas/Admin/Views/Shared/Category.ascx
~/Views/Dashboard/Category.aspx
~/Views/Dashboard/Category.ascx
~/Views/Shared/Category.aspx
~/Views/Shared/Category.ascx
~/Areas/Admin/Views/Dashboard/Category.cshtml
~/Areas/Admin/Views/Dashboard/Category.vbhtml
~/Areas/Admin/Views/Shared/Category.cshtml
~/Areas/Admin/Views/Shared/Category.vbhtml
~/Views/Dashboard/Category.cshtml
~/Views/Dashboard/Category.vbhtml
~/Views/Shared/Category.cshtml
~/Views/Shared/Category.vbhtml 
2019-06-02 19:12:25.0066 FATAL    -The view 'Category' or its master was not found or no view engine supports the searched locations. The following locations were searched:
~/Areas/Admin/Views/Dashboard/Category.aspx
~/Areas/Admin/Views/Dashboard/Category.ascx
~/Areas/Admin/Views/Shared/Category.aspx
~/Areas/Admin/Views/Shared/Category.ascx
~/Views/Dashboard/Category.aspx
~/Views/Dashboard/Category.ascx
~/Views/Shared/Category.aspx
~/Views/Shared/Category.ascx
~/Areas/Admin/Views/Dashboard/Category.cshtml
~/Areas/Admin/Views/Dashboard/Category.vbhtml
~/Areas/Admin/Views/Shared/Category.cshtml
~/Areas/Admin/Views/Shared/Category.vbhtml
~/Views/Dashboard/Category.cshtml
~/Views/Dashboard/Category.vbhtml
~/Views/Shared/Category.cshtml
~/Views/Shared/Category.vbhtml 
2019-06-02 19:12:25.8329 FATAL    -The view 'Category' or its master was not found or no view engine supports the searched locations. The following locations were searched:
~/Areas/Admin/Views/Dashboard/Category.aspx
~/Areas/Admin/Views/Dashboard/Category.ascx
~/Areas/Admin/Views/Shared/Category.aspx
~/Areas/Admin/Views/Shared/Category.ascx
~/Views/Dashboard/Category.aspx
~/Views/Dashboard/Category.ascx
~/Views/Shared/Category.aspx
~/Views/Shared/Category.ascx
~/Areas/Admin/Views/Dashboard/Category.cshtml
~/Areas/Admin/Views/Dashboard/Category.vbhtml
~/Areas/Admin/Views/Shared/Category.cshtml
~/Areas/Admin/Views/Shared/Category.vbhtml
~/Views/Dashboard/Category.cshtml
~/Views/Dashboard/Category.vbhtml
~/Views/Shared/Category.cshtml
~/Views/Shared/Category.vbhtml 
2019-06-02 19:12:26.6562 FATAL    -The view 'Category' or its master was not found or no view engine supports the searched locations. The following locations were searched:
~/Areas/Admin/Views/Dashboard/Category.aspx
~/Areas/Admin/Views/Dashboard/Category.ascx
~/Areas/Admin/Views/Shared/Category.aspx
~/Areas/Admin/Views/Shared/Category.ascx
~/Views/Dashboard/Category.aspx
~/Views/Dashboard/Category.ascx
~/Views/Shared/Category.aspx
~/Views/Shared/Category.ascx
~/Areas/Admin/Views/Dashboard/Category.cshtml
~/Areas/Admin/Views/Dashboard/Category.vbhtml
~/Areas/Admin/Views/Shared/Category.cshtml
~/Areas/Admin/Views/Shared/Category.vbhtml
~/Views/Dashboard/Category.cshtml
~/Views/Dashboard/Category.vbhtml
~/Views/Shared/Category.cshtml
~/Views/Shared/Category.vbhtml 
2019-06-02 19:12:27.6037 FATAL    -The view 'Category' or its master was not found or no view engine supports the searched locations. The following locations were searched:
~/Areas/Admin/Views/Dashboard/Category.aspx
~/Areas/Admin/Views/Dashboard/Category.ascx
~/Areas/Admin/Views/Shared/Category.aspx
~/Areas/Admin/Views/Shared/Category.ascx
~/Views/Dashboard/Category.aspx
~/Views/Dashboard/Category.ascx
~/Views/Shared/Category.aspx
~/Views/Shared/Category.ascx
~/Areas/Admin/Views/Dashboard/Category.cshtml
~/Areas/Admin/Views/Dashboard/Category.vbhtml
~/Areas/Admin/Views/Shared/Category.cshtml
~/Areas/Admin/Views/Shared/Category.vbhtml
~/Views/Dashboard/Category.cshtml
~/Views/Dashboard/Category.vbhtml
~/Views/Shared/Category.cshtml
~/Views/Shared/Category.vbhtml 
2019-06-02 19:12:28.5020 FATAL    -The view 'Category' or its master was not found or no view engine supports the searched locations. The following locations were searched:
~/Areas/Admin/Views/Dashboard/Category.aspx
~/Areas/Admin/Views/Dashboard/Category.ascx
~/Areas/Admin/Views/Shared/Category.aspx
~/Areas/Admin/Views/Shared/Category.ascx
~/Views/Dashboard/Category.aspx
~/Views/Dashboard/Category.ascx
~/Views/Shared/Category.aspx
~/Views/Shared/Category.ascx
~/Areas/Admin/Views/Dashboard/Category.cshtml
~/Areas/Admin/Views/Dashboard/Category.vbhtml
~/Areas/Admin/Views/Shared/Category.cshtml
~/Areas/Admin/Views/Shared/Category.vbhtml
~/Views/Dashboard/Category.cshtml
~/Views/Dashboard/Category.vbhtml
~/Views/Shared/Category.cshtml
~/Views/Shared/Category.vbhtml 
2019-06-02 19:12:29.5462 FATAL    -The view 'Category' or its master was not found or no view engine supports the searched locations. The following locations were searched:
~/Areas/Admin/Views/Dashboard/Category.aspx
~/Areas/Admin/Views/Dashboard/Category.ascx
~/Areas/Admin/Views/Shared/Category.aspx
~/Areas/Admin/Views/Shared/Category.ascx
~/Views/Dashboard/Category.aspx
~/Views/Dashboard/Category.ascx
~/Views/Shared/Category.aspx
~/Views/Shared/Category.ascx
~/Areas/Admin/Views/Dashboard/Category.cshtml
~/Areas/Admin/Views/Dashboard/Category.vbhtml
~/Areas/Admin/Views/Shared/Category.cshtml
~/Areas/Admin/Views/Shared/Category.vbhtml
~/Views/Dashboard/Category.cshtml
~/Views/Dashboard/Category.vbhtml
~/Views/Shared/Category.cshtml
~/Views/Shared/Category.vbhtml 
2019-06-02 19:12:30.3751 FATAL    -The view 'Category' or its master was not found or no view engine supports the searched locations. The following locations were searched:
~/Areas/Admin/Views/Dashboard/Category.aspx
~/Areas/Admin/Views/Dashboard/Category.ascx
~/Areas/Admin/Views/Shared/Category.aspx
~/Areas/Admin/Views/Shared/Category.ascx
~/Views/Dashboard/Category.aspx
~/Views/Dashboard/Category.ascx
~/Views/Shared/Category.aspx
~/Views/Shared/Category.ascx
~/Areas/Admin/Views/Dashboard/Category.cshtml
~/Areas/Admin/Views/Dashboard/Category.vbhtml
~/Areas/Admin/Views/Shared/Category.cshtml
~/Areas/Admin/Views/Shared/Category.vbhtml
~/Views/Dashboard/Category.cshtml
~/Views/Dashboard/Category.vbhtml
~/Views/Shared/Category.cshtml
~/Views/Shared/Category.vbhtml 
2019-06-02 19:12:31.5575 FATAL    -The view 'Category' or its master was not found or no view engine supports the searched locations. The following locations were searched:
~/Areas/Admin/Views/Dashboard/Category.aspx
~/Areas/Admin/Views/Dashboard/Category.ascx
~/Areas/Admin/Views/Shared/Category.aspx
~/Areas/Admin/Views/Shared/Category.ascx
~/Views/Dashboard/Category.aspx
~/Views/Dashboard/Category.ascx
~/Views/Shared/Category.aspx
~/Views/Shared/Category.ascx
~/Areas/Admin/Views/Dashboard/Category.cshtml
~/Areas/Admin/Views/Dashboard/Category.vbhtml
~/Areas/Admin/Views/Shared/Category.cshtml
~/Areas/Admin/Views/Shared/Category.vbhtml
~/Views/Dashboard/Category.cshtml
~/Views/Dashboard/Category.vbhtml
~/Views/Shared/Category.cshtml
~/Views/Shared/Category.vbhtml 
2019-06-02 19:12:32.3788 FATAL    -The view 'Category' or its master was not found or no view engine supports the searched locations. The following locations were searched:
~/Areas/Admin/Views/Dashboard/Category.aspx
~/Areas/Admin/Views/Dashboard/Category.ascx
~/Areas/Admin/Views/Shared/Category.aspx
~/Areas/Admin/Views/Shared/Category.ascx
~/Views/Dashboard/Category.aspx
~/Views/Dashboard/Category.ascx
~/Views/Shared/Category.aspx
~/Views/Shared/Category.ascx
~/Areas/Admin/Views/Dashboard/Category.cshtml
~/Areas/Admin/Views/Dashboard/Category.vbhtml
~/Areas/Admin/Views/Shared/Category.cshtml
~/Areas/Admin/Views/Shared/Category.vbhtml
~/Views/Dashboard/Category.cshtml
~/Views/Dashboard/Category.vbhtml
~/Views/Shared/Category.cshtml
~/Views/Shared/Category.vbhtml 
2019-06-02 19:12:33.3575 FATAL    -The view 'Category' or its master was not found or no view engine supports the searched locations. The following locations were searched:
~/Areas/Admin/Views/Dashboard/Category.aspx
~/Areas/Admin/Views/Dashboard/Category.ascx
~/Areas/Admin/Views/Shared/Category.aspx
~/Areas/Admin/Views/Shared/Category.ascx
~/Views/Dashboard/Category.aspx
~/Views/Dashboard/Category.ascx
~/Views/Shared/Category.aspx
~/Views/Shared/Category.ascx
~/Areas/Admin/Views/Dashboard/Category.cshtml
~/Areas/Admin/Views/Dashboard/Category.vbhtml
~/Areas/Admin/Views/Shared/Category.cshtml
~/Areas/Admin/Views/Shared/Category.vbhtml
~/Views/Dashboard/Category.cshtml
~/Views/Dashboard/Category.vbhtml
~/Views/Shared/Category.cshtml
~/Views/Shared/Category.vbhtml 
2019-06-02 19:12:34.2278 FATAL    -The view 'Category' or its master was not found or no view engine supports the searched locations. The following locations were searched:
~/Areas/Admin/Views/Dashboard/Category.aspx
~/Areas/Admin/Views/Dashboard/Category.ascx
~/Areas/Admin/Views/Shared/Category.aspx
~/Areas/Admin/Views/Shared/Category.ascx
~/Views/Dashboard/Category.aspx
~/Views/Dashboard/Category.ascx
~/Views/Shared/Category.aspx
~/Views/Shared/Category.ascx
~/Areas/Admin/Views/Dashboard/Category.cshtml
~/Areas/Admin/Views/Dashboard/Category.vbhtml
~/Areas/Admin/Views/Shared/Category.cshtml
~/Areas/Admin/Views/Shared/Category.vbhtml
~/Views/Dashboard/Category.cshtml
~/Views/Dashboard/Category.vbhtml
~/Views/Shared/Category.cshtml
~/Views/Shared/Category.vbhtml 
2019-06-02 19:12:35.2755 FATAL    -The view 'Category' or its master was not found or no view engine supports the searched locations. The following locations were searched:
~/Areas/Admin/Views/Dashboard/Category.aspx
~/Areas/Admin/Views/Dashboard/Category.ascx
~/Areas/Admin/Views/Shared/Category.aspx
~/Areas/Admin/Views/Shared/Category.ascx
~/Views/Dashboard/Category.aspx
~/Views/Dashboard/Category.ascx
~/Views/Shared/Category.aspx
~/Views/Shared/Category.ascx
~/Areas/Admin/Views/Dashboard/Category.cshtml
~/Areas/Admin/Views/Dashboard/Category.vbhtml
~/Areas/Admin/Views/Shared/Category.cshtml
~/Areas/Admin/Views/Shared/Category.vbhtml
~/Views/Dashboard/Category.cshtml
~/Views/Dashboard/Category.vbhtml
~/Views/Shared/Category.cshtml
~/Views/Shared/Category.vbhtml 
2019-06-02 19:12:36.0934 FATAL    -The view 'Category' or its master was not found or no view engine supports the searched locations. The following locations were searched:
~/Areas/Admin/Views/Dashboard/Category.aspx
~/Areas/Admin/Views/Dashboard/Category.ascx
~/Areas/Admin/Views/Shared/Category.aspx
~/Areas/Admin/Views/Shared/Category.ascx
~/Views/Dashboard/Category.aspx
~/Views/Dashboard/Category.ascx
~/Views/Shared/Category.aspx
~/Views/Shared/Category.ascx
~/Areas/Admin/Views/Dashboard/Category.cshtml
~/Areas/Admin/Views/Dashboard/Category.vbhtml
~/Areas/Admin/Views/Shared/Category.cshtml
~/Areas/Admin/Views/Shared/Category.vbhtml
~/Views/Dashboard/Category.cshtml
~/Views/Dashboard/Category.vbhtml
~/Views/Shared/Category.cshtml
~/Views/Shared/Category.vbhtml 
2019-06-02 19:12:37.0090 FATAL    -The view 'Category' or its master was not found or no view engine supports the searched locations. The following locations were searched:
~/Areas/Admin/Views/Dashboard/Category.aspx
~/Areas/Admin/Views/Dashboard/Category.ascx
~/Areas/Admin/Views/Shared/Category.aspx
~/Areas/Admin/Views/Shared/Category.ascx
~/Views/Dashboard/Category.aspx
~/Views/Dashboard/Category.ascx
~/Views/Shared/Category.aspx
~/Views/Shared/Category.ascx
~/Areas/Admin/Views/Dashboard/Category.cshtml
~/Areas/Admin/Views/Dashboard/Category.vbhtml
~/Areas/Admin/Views/Shared/Category.cshtml
~/Areas/Admin/Views/Shared/Category.vbhtml
~/Views/Dashboard/Category.cshtml
~/Views/Dashboard/Category.vbhtml
~/Views/Shared/Category.cshtml
~/Views/Shared/Category.vbhtml 
2019-06-02 19:12:37.9421 FATAL    -The view 'Category' or its master was not found or no view engine supports the searched locations. The following locations were searched:
~/Areas/Admin/Views/Dashboard/Category.aspx
~/Areas/Admin/Views/Dashboard/Category.ascx
~/Areas/Admin/Views/Shared/Category.aspx
~/Areas/Admin/Views/Shared/Category.ascx
~/Views/Dashboard/Category.aspx
~/Views/Dashboard/Category.ascx
~/Views/Shared/Category.aspx
~/Views/Shared/Category.ascx
~/Areas/Admin/Views/Dashboard/Category.cshtml
~/Areas/Admin/Views/Dashboard/Category.vbhtml
~/Areas/Admin/Views/Shared/Category.cshtml
~/Areas/Admin/Views/Shared/Category.vbhtml
~/Views/Dashboard/Category.cshtml
~/Views/Dashboard/Category.vbhtml
~/Views/Shared/Category.cshtml
~/Views/Shared/Category.vbhtml 
2019-06-02 19:12:38.7742 FATAL    -The view 'Category' or its master was not found or no view engine supports the searched locations. The following locations were searched:
~/Areas/Admin/Views/Dashboard/Category.aspx
~/Areas/Admin/Views/Dashboard/Category.ascx
~/Areas/Admin/Views/Shared/Category.aspx
~/Areas/Admin/Views/Shared/Category.ascx
~/Views/Dashboard/Category.aspx
~/Views/Dashboard/Category.ascx
~/Views/Shared/Category.aspx
~/Views/Shared/Category.ascx
~/Areas/Admin/Views/Dashboard/Category.cshtml
~/Areas/Admin/Views/Dashboard/Category.vbhtml
~/Areas/Admin/Views/Shared/Category.cshtml
~/Areas/Admin/Views/Shared/Category.vbhtml
~/Views/Dashboard/Category.cshtml
~/Views/Dashboard/Category.vbhtml
~/Views/Shared/Category.cshtml
~/Views/Shared/Category.vbhtml 
2019-06-02 19:12:39.6736 FATAL    -The view 'Category' or its master was not found or no view engine supports the searched locations. The following locations were searched:
~/Areas/Admin/Views/Dashboard/Category.aspx
~/Areas/Admin/Views/Dashboard/Category.ascx
~/Areas/Admin/Views/Shared/Category.aspx
~/Areas/Admin/Views/Shared/Category.ascx
~/Views/Dashboard/Category.aspx
~/Views/Dashboard/Category.ascx
~/Views/Shared/Category.aspx
~/Views/Shared/Category.ascx
~/Areas/Admin/Views/Dashboard/Category.cshtml
~/Areas/Admin/Views/Dashboard/Category.vbhtml
~/Areas/Admin/Views/Shared/Category.cshtml
~/Areas/Admin/Views/Shared/Category.vbhtml
~/Views/Dashboard/Category.cshtml
~/Views/Dashboard/Category.vbhtml
~/Views/Shared/Category.cshtml
~/Views/Shared/Category.vbhtml 
2019-06-02 19:12:40.5501 FATAL    -The view 'Category' or its master was not found or no view engine supports the searched locations. The following locations were searched:
~/Areas/Admin/Views/Dashboard/Category.aspx
~/Areas/Admin/Views/Dashboard/Category.ascx
~/Areas/Admin/Views/Shared/Category.aspx
~/Areas/Admin/Views/Shared/Category.ascx
~/Views/Dashboard/Category.aspx
~/Views/Dashboard/Category.ascx
~/Views/Shared/Category.aspx
~/Views/Shared/Category.ascx
~/Areas/Admin/Views/Dashboard/Category.cshtml
~/Areas/Admin/Views/Dashboard/Category.vbhtml
~/Areas/Admin/Views/Shared/Category.cshtml
~/Areas/Admin/Views/Shared/Category.vbhtml
~/Views/Dashboard/Category.cshtml
~/Views/Dashboard/Category.vbhtml
~/Views/Shared/Category.cshtml
~/Views/Shared/Category.vbhtml 
2019-06-02 19:12:41.4111 FATAL    -The view 'Category' or its master was not found or no view engine supports the searched locations. The following locations were searched:
~/Areas/Admin/Views/Dashboard/Category.aspx
~/Areas/Admin/Views/Dashboard/Category.ascx
~/Areas/Admin/Views/Shared/Category.aspx
~/Areas/Admin/Views/Shared/Category.ascx
~/Views/Dashboard/Category.aspx
~/Views/Dashboard/Category.ascx
~/Views/Shared/Category.aspx
~/Views/Shared/Category.ascx
~/Areas/Admin/Views/Dashboard/Category.cshtml
~/Areas/Admin/Views/Dashboard/Category.vbhtml
~/Areas/Admin/Views/Shared/Category.cshtml
~/Areas/Admin/Views/Shared/Category.vbhtml
~/Views/Dashboard/Category.cshtml
~/Views/Dashboard/Category.vbhtml
~/Views/Shared/Category.cshtml
~/Views/Shared/Category.vbhtml 
2019-06-02 19:12:42.3415 FATAL    -The view 'Category' or its master was not found or no view engine supports the searched locations. The following locations were searched:
~/Areas/Admin/Views/Dashboard/Category.aspx
~/Areas/Admin/Views/Dashboard/Category.ascx
~/Areas/Admin/Views/Shared/Category.aspx
~/Areas/Admin/Views/Shared/Category.ascx
~/Views/Dashboard/Category.aspx
~/Views/Dashboard/Category.ascx
~/Views/Shared/Category.aspx
~/Views/Shared/Category.ascx
~/Areas/Admin/Views/Dashboard/Category.cshtml
~/Areas/Admin/Views/Dashboard/Category.vbhtml
~/Areas/Admin/Views/Shared/Category.cshtml
~/Areas/Admin/Views/Shared/Category.vbhtml
~/Views/Dashboard/Category.cshtml
~/Views/Dashboard/Category.vbhtml
~/Views/Shared/Category.cshtml
~/Views/Shared/Category.vbhtml 
2019-06-02 19:12:43.2272 FATAL    -The view 'Category' or its master was not found or no view engine supports the searched locations. The following locations were searched:
~/Areas/Admin/Views/Dashboard/Category.aspx
~/Areas/Admin/Views/Dashboard/Category.ascx
~/Areas/Admin/Views/Shared/Category.aspx
~/Areas/Admin/Views/Shared/Category.ascx
~/Views/Dashboard/Category.aspx
~/Views/Dashboard/Category.ascx
~/Views/Shared/Category.aspx
~/Views/Shared/Category.ascx
~/Areas/Admin/Views/Dashboard/Category.cshtml
~/Areas/Admin/Views/Dashboard/Category.vbhtml
~/Areas/Admin/Views/Shared/Category.cshtml
~/Areas/Admin/Views/Shared/Category.vbhtml
~/Views/Dashboard/Category.cshtml
~/Views/Dashboard/Category.vbhtml
~/Views/Shared/Category.cshtml
~/Views/Shared/Category.vbhtml 
2019-06-02 19:12:44.1913 FATAL    -The view 'Category' or its master was not found or no view engine supports the searched locations. The following locations were searched:
~/Areas/Admin/Views/Dashboard/Category.aspx
~/Areas/Admin/Views/Dashboard/Category.ascx
~/Areas/Admin/Views/Shared/Category.aspx
~/Areas/Admin/Views/Shared/Category.ascx
~/Views/Dashboard/Category.aspx
~/Views/Dashboard/Category.ascx
~/Views/Shared/Category.aspx
~/Views/Shared/Category.ascx
~/Areas/Admin/Views/Dashboard/Category.cshtml
~/Areas/Admin/Views/Dashboard/Category.vbhtml
~/Areas/Admin/Views/Shared/Category.cshtml
~/Areas/Admin/Views/Shared/Category.vbhtml
~/Views/Dashboard/Category.cshtml
~/Views/Dashboard/Category.vbhtml
~/Views/Shared/Category.cshtml
~/Views/Shared/Category.vbhtml 
2019-06-02 19:12:45.1089 FATAL    -The view 'Category' or its master was not found or no view engine supports the searched locations. The following locations were searched:
~/Areas/Admin/Views/Dashboard/Category.aspx
~/Areas/Admin/Views/Dashboard/Category.ascx
~/Areas/Admin/Views/Shared/Category.aspx
~/Areas/Admin/Views/Shared/Category.ascx
~/Views/Dashboard/Category.aspx
~/Views/Dashboard/Category.ascx
~/Views/Shared/Category.aspx
~/Views/Shared/Category.ascx
~/Areas/Admin/Views/Dashboard/Category.cshtml
~/Areas/Admin/Views/Dashboard/Category.vbhtml
~/Areas/Admin/Views/Shared/Category.cshtml
~/Areas/Admin/Views/Shared/Category.vbhtml
~/Views/Dashboard/Category.cshtml
~/Views/Dashboard/Category.vbhtml
~/Views/Shared/Category.cshtml
~/Views/Shared/Category.vbhtml 
2019-06-02 19:12:46.1397 FATAL    -The view 'Category' or its master was not found or no view engine supports the searched locations. The following locations were searched:
~/Areas/Admin/Views/Dashboard/Category.aspx
~/Areas/Admin/Views/Dashboard/Category.ascx
~/Areas/Admin/Views/Shared/Category.aspx
~/Areas/Admin/Views/Shared/Category.ascx
~/Views/Dashboard/Category.aspx
~/Views/Dashboard/Category.ascx
~/Views/Shared/Category.aspx
~/Views/Shared/Category.ascx
~/Areas/Admin/Views/Dashboard/Category.cshtml
~/Areas/Admin/Views/Dashboard/Category.vbhtml
~/Areas/Admin/Views/Shared/Category.cshtml
~/Areas/Admin/Views/Shared/Category.vbhtml
~/Views/Dashboard/Category.cshtml
~/Views/Dashboard/Category.vbhtml
~/Views/Shared/Category.cshtml
~/Views/Shared/Category.vbhtml 
2019-06-02 19:12:47.0807 FATAL    -The view 'Category' or its master was not found or no view engine supports the searched locations. The following locations were searched:
~/Areas/Admin/Views/Dashboard/Category.aspx
~/Areas/Admin/Views/Dashboard/Category.ascx
~/Areas/Admin/Views/Shared/Category.aspx
~/Areas/Admin/Views/Shared/Category.ascx
~/Views/Dashboard/Category.aspx
~/Views/Dashboard/Category.ascx
~/Views/Shared/Category.aspx
~/Views/Shared/Category.ascx
~/Areas/Admin/Views/Dashboard/Category.cshtml
~/Areas/Admin/Views/Dashboard/Category.vbhtml
~/Areas/Admin/Views/Shared/Category.cshtml
~/Areas/Admin/Views/Shared/Category.vbhtml
~/Views/Dashboard/Category.cshtml
~/Views/Dashboard/Category.vbhtml
~/Views/Shared/Category.cshtml
~/Views/Shared/Category.vbhtml 
2019-06-02 19:12:47.9322 FATAL    -The view 'Category' or its master was not found or no view engine supports the searched locations. The following locations were searched:
~/Areas/Admin/Views/Dashboard/Category.aspx
~/Areas/Admin/Views/Dashboard/Category.ascx
~/Areas/Admin/Views/Shared/Category.aspx
~/Areas/Admin/Views/Shared/Category.ascx
~/Views/Dashboard/Category.aspx
~/Views/Dashboard/Category.ascx
~/Views/Shared/Category.aspx
~/Views/Shared/Category.ascx
~/Areas/Admin/Views/Dashboard/Category.cshtml
~/Areas/Admin/Views/Dashboard/Category.vbhtml
~/Areas/Admin/Views/Shared/Category.cshtml
~/Areas/Admin/Views/Shared/Category.vbhtml
~/Views/Dashboard/Category.cshtml
~/Views/Dashboard/Category.vbhtml
~/Views/Shared/Category.cshtml
~/Views/Shared/Category.vbhtml 
2019-06-02 19:12:48.7628 FATAL    -The view 'Category' or its master was not found or no view engine supports the searched locations. The following locations were searched:
~/Areas/Admin/Views/Dashboard/Category.aspx
~/Areas/Admin/Views/Dashboard/Category.ascx
~/Areas/Admin/Views/Shared/Category.aspx
~/Areas/Admin/Views/Shared/Category.ascx
~/Views/Dashboard/Category.aspx
~/Views/Dashboard/Category.ascx
~/Views/Shared/Category.aspx
~/Views/Shared/Category.ascx
~/Areas/Admin/Views/Dashboard/Category.cshtml
~/Areas/Admin/Views/Dashboard/Category.vbhtml
~/Areas/Admin/Views/Shared/Category.cshtml
~/Areas/Admin/Views/Shared/Category.vbhtml
~/Views/Dashboard/Category.cshtml
~/Views/Dashboard/Category.vbhtml
~/Views/Shared/Category.cshtml
~/Views/Shared/Category.vbhtml 
2019-06-02 19:12:49.6071 FATAL    -The view 'Category' or its master was not found or no view engine supports the searched locations. The following locations were searched:
~/Areas/Admin/Views/Dashboard/Category.aspx
~/Areas/Admin/Views/Dashboard/Category.ascx
~/Areas/Admin/Views/Shared/Category.aspx
~/Areas/Admin/Views/Shared/Category.ascx
~/Views/Dashboard/Category.aspx
~/Views/Dashboard/Category.ascx
~/Views/Shared/Category.aspx
~/Views/Shared/Category.ascx
~/Areas/Admin/Views/Dashboard/Category.cshtml
~/Areas/Admin/Views/Dashboard/Category.vbhtml
~/Areas/Admin/Views/Shared/Category.cshtml
~/Areas/Admin/Views/Shared/Category.vbhtml
~/Views/Dashboard/Category.cshtml
~/Views/Dashboard/Category.vbhtml
~/Views/Shared/Category.cshtml
~/Views/Shared/Category.vbhtml 
2019-06-02 19:12:50.4176 FATAL    -The view 'Category' or its master was not found or no view engine supports the searched locations. The following locations were searched:
~/Areas/Admin/Views/Dashboard/Category.aspx
~/Areas/Admin/Views/Dashboard/Category.ascx
~/Areas/Admin/Views/Shared/Category.aspx
~/Areas/Admin/Views/Shared/Category.ascx
~/Views/Dashboard/Category.aspx
~/Views/Dashboard/Category.ascx
~/Views/Shared/Category.aspx
~/Views/Shared/Category.ascx
~/Areas/Admin/Views/Dashboard/Category.cshtml
~/Areas/Admin/Views/Dashboard/Category.vbhtml
~/Areas/Admin/Views/Shared/Category.cshtml
~/Areas/Admin/Views/Shared/Category.vbhtml
~/Views/Dashboard/Category.cshtml
~/Views/Dashboard/Category.vbhtml
~/Views/Shared/Category.cshtml
~/Views/Shared/Category.vbhtml 
2019-06-02 19:12:51.3568 FATAL    -The view 'Category' or its master was not found or no view engine supports the searched locations. The following locations were searched:
~/Areas/Admin/Views/Dashboard/Category.aspx
~/Areas/Admin/Views/Dashboard/Category.ascx
~/Areas/Admin/Views/Shared/Category.aspx
~/Areas/Admin/Views/Shared/Category.ascx
~/Views/Dashboard/Category.aspx
~/Views/Dashboard/Category.ascx
~/Views/Shared/Category.aspx
~/Views/Shared/Category.ascx
~/Areas/Admin/Views/Dashboard/Category.cshtml
~/Areas/Admin/Views/Dashboard/Category.vbhtml
~/Areas/Admin/Views/Shared/Category.cshtml
~/Areas/Admin/Views/Shared/Category.vbhtml
~/Views/Dashboard/Category.cshtml
~/Views/Dashboard/Category.vbhtml
~/Views/Shared/Category.cshtml
~/Views/Shared/Category.vbhtml 
2019-06-02 19:12:52.2041 FATAL    -The view 'Category' or its master was not found or no view engine supports the searched locations. The following locations were searched:
~/Areas/Admin/Views/Dashboard/Category.aspx
~/Areas/Admin/Views/Dashboard/Category.ascx
~/Areas/Admin/Views/Shared/Category.aspx
~/Areas/Admin/Views/Shared/Category.ascx
~/Views/Dashboard/Category.aspx
~/Views/Dashboard/Category.ascx
~/Views/Shared/Category.aspx
~/Views/Shared/Category.ascx
~/Areas/Admin/Views/Dashboard/Category.cshtml
~/Areas/Admin/Views/Dashboard/Category.vbhtml
~/Areas/Admin/Views/Shared/Category.cshtml
~/Areas/Admin/Views/Shared/Category.vbhtml
~/Views/Dashboard/Category.cshtml
~/Views/Dashboard/Category.vbhtml
~/Views/Shared/Category.cshtml
~/Views/Shared/Category.vbhtml 
2019-06-02 19:12:52.9877 FATAL    -The view 'Category' or its master was not found or no view engine supports the searched locations. The following locations were searched:
~/Areas/Admin/Views/Dashboard/Category.aspx
~/Areas/Admin/Views/Dashboard/Category.ascx
~/Areas/Admin/Views/Shared/Category.aspx
~/Areas/Admin/Views/Shared/Category.ascx
~/Views/Dashboard/Category.aspx
~/Views/Dashboard/Category.ascx
~/Views/Shared/Category.aspx
~/Views/Shared/Category.ascx
~/Areas/Admin/Views/Dashboard/Category.cshtml
~/Areas/Admin/Views/Dashboard/Category.vbhtml
~/Areas/Admin/Views/Shared/Category.cshtml
~/Areas/Admin/Views/Shared/Category.vbhtml
~/Views/Dashboard/Category.cshtml
~/Views/Dashboard/Category.vbhtml
~/Views/Shared/Category.cshtml
~/Views/Shared/Category.vbhtml 
2019-06-02 19:12:53.9123 FATAL    -The view 'Category' or its master was not found or no view engine supports the searched locations. The following locations were searched:
~/Areas/Admin/Views/Dashboard/Category.aspx
~/Areas/Admin/Views/Dashboard/Category.ascx
~/Areas/Admin/Views/Shared/Category.aspx
~/Areas/Admin/Views/Shared/Category.ascx
~/Views/Dashboard/Category.aspx
~/Views/Dashboard/Category.ascx
~/Views/Shared/Category.aspx
~/Views/Shared/Category.ascx
~/Areas/Admin/Views/Dashboard/Category.cshtml
~/Areas/Admin/Views/Dashboard/Category.vbhtml
~/Areas/Admin/Views/Shared/Category.cshtml
~/Areas/Admin/Views/Shared/Category.vbhtml
~/Views/Dashboard/Category.cshtml
~/Views/Dashboard/Category.vbhtml
~/Views/Shared/Category.cshtml
~/Views/Shared/Category.vbhtml 
2019-06-02 19:12:54.7773 FATAL    -The view 'Category' or its master was not found or no view engine supports the searched locations. The following locations were searched:
~/Areas/Admin/Views/Dashboard/Category.aspx
~/Areas/Admin/Views/Dashboard/Category.ascx
~/Areas/Admin/Views/Shared/Category.aspx
~/Areas/Admin/Views/Shared/Category.ascx
~/Views/Dashboard/Category.aspx
~/Views/Dashboard/Category.ascx
~/Views/Shared/Category.aspx
~/Views/Shared/Category.ascx
~/Areas/Admin/Views/Dashboard/Category.cshtml
~/Areas/Admin/Views/Dashboard/Category.vbhtml
~/Areas/Admin/Views/Shared/Category.cshtml
~/Areas/Admin/Views/Shared/Category.vbhtml
~/Views/Dashboard/Category.cshtml
~/Views/Dashboard/Category.vbhtml
~/Views/Shared/Category.cshtml
~/Views/Shared/Category.vbhtml 
2019-06-02 19:12:55.5979 FATAL    -The view 'Category' or its master was not found or no view engine supports the searched locations. The following locations were searched:
~/Areas/Admin/Views/Dashboard/Category.aspx
~/Areas/Admin/Views/Dashboard/Category.ascx
~/Areas/Admin/Views/Shared/Category.aspx
~/Areas/Admin/Views/Shared/Category.ascx
~/Views/Dashboard/Category.aspx
~/Views/Dashboard/Category.ascx
~/Views/Shared/Category.aspx
~/Views/Shared/Category.ascx
~/Areas/Admin/Views/Dashboard/Category.cshtml
~/Areas/Admin/Views/Dashboard/Category.vbhtml
~/Areas/Admin/Views/Shared/Category.cshtml
~/Areas/Admin/Views/Shared/Category.vbhtml
~/Views/Dashboard/Category.cshtml
~/Views/Dashboard/Category.vbhtml
~/Views/Shared/Category.cshtml
~/Views/Shared/Category.vbhtml 
2019-06-02 19:12:56.8988 FATAL    -The view 'Category' or its master was not found or no view engine supports the searched locations. The following locations were searched:
~/Areas/Admin/Views/Dashboard/Category.aspx
~/Areas/Admin/Views/Dashboard/Category.ascx
~/Areas/Admin/Views/Shared/Category.aspx
~/Areas/Admin/Views/Shared/Category.ascx
~/Views/Dashboard/Category.aspx
~/Views/Dashboard/Category.ascx
~/Views/Shared/Category.aspx
~/Views/Shared/Category.ascx
~/Areas/Admin/Views/Dashboard/Category.cshtml
~/Areas/Admin/Views/Dashboard/Category.vbhtml
~/Areas/Admin/Views/Shared/Category.cshtml
~/Areas/Admin/Views/Shared/Category.vbhtml
~/Views/Dashboard/Category.cshtml
~/Views/Dashboard/Category.vbhtml
~/Views/Shared/Category.cshtml
~/Views/Shared/Category.vbhtml 
2019-06-02 19:12:57.7961 FATAL    -The view 'Skill' or its master was not found or no view engine supports the searched locations. The following locations were searched:
~/Areas/Admin/Views/Dashboard/Skill.aspx
~/Areas/Admin/Views/Dashboard/Skill.ascx
~/Areas/Admin/Views/Shared/Skill.aspx
~/Areas/Admin/Views/Shared/Skill.ascx
~/Views/Dashboard/Skill.aspx
~/Views/Dashboard/Skill.ascx
~/Views/Shared/Skill.aspx
~/Views/Shared/Skill.ascx
~/Areas/Admin/Views/Dashboard/Skill.cshtml
~/Areas/Admin/Views/Dashboard/Skill.vbhtml
~/Areas/Admin/Views/Shared/Skill.cshtml
~/Areas/Admin/Views/Shared/Skill.vbhtml
~/Views/Dashboard/Skill.cshtml
~/Views/Dashboard/Skill.vbhtml
~/Views/Shared/Skill.cshtml
~/Views/Shared/Skill.vbhtml 
2019-06-02 19:13:03.6532 FATAL    -The view 'Category' or its master was not found or no view engine supports the searched locations. The following locations were searched:
~/Areas/Admin/Views/Dashboard/Category.aspx
~/Areas/Admin/Views/Dashboard/Category.ascx
~/Areas/Admin/Views/Shared/Category.aspx
~/Areas/Admin/Views/Shared/Category.ascx
~/Views/Dashboard/Category.aspx
~/Views/Dashboard/Category.ascx
~/Views/Shared/Category.aspx
~/Views/Shared/Category.ascx
~/Areas/Admin/Views/Dashboard/Category.cshtml
~/Areas/Admin/Views/Dashboard/Category.vbhtml
~/Areas/Admin/Views/Shared/Category.cshtml
~/Areas/Admin/Views/Shared/Category.vbhtml
~/Views/Dashboard/Category.cshtml
~/Views/Dashboard/Category.vbhtml
~/Views/Shared/Category.cshtml
~/Views/Shared/Category.vbhtml 
2019-06-02 19:13:04.5314 FATAL    -The view 'Skill' or its master was not found or no view engine supports the searched locations. The following locations were searched:
~/Areas/Admin/Views/Dashboard/Skill.aspx
~/Areas/Admin/Views/Dashboard/Skill.ascx
~/Areas/Admin/Views/Shared/Skill.aspx
~/Areas/Admin/Views/Shared/Skill.ascx
~/Views/Dashboard/Skill.aspx
~/Views/Dashboard/Skill.ascx
~/Views/Shared/Skill.aspx
~/Views/Shared/Skill.ascx
~/Areas/Admin/Views/Dashboard/Skill.cshtml
~/Areas/Admin/Views/Dashboard/Skill.vbhtml
~/Areas/Admin/Views/Shared/Skill.cshtml
~/Areas/Admin/Views/Shared/Skill.vbhtml
~/Views/Dashboard/Skill.cshtml
~/Views/Dashboard/Skill.vbhtml
~/Views/Shared/Skill.cshtml
~/Views/Shared/Skill.vbhtml 
2019-06-02 19:13:14.4803 FATAL    -The view 'Category' or its master was not found or no view engine supports the searched locations. The following locations were searched:
~/Areas/Admin/Views/Dashboard/Category.aspx
~/Areas/Admin/Views/Dashboard/Category.ascx
~/Areas/Admin/Views/Shared/Category.aspx
~/Areas/Admin/Views/Shared/Category.ascx
~/Views/Dashboard/Category.aspx
~/Views/Dashboard/Category.ascx
~/Views/Shared/Category.aspx
~/Views/Shared/Category.ascx
~/Areas/Admin/Views/Dashboard/Category.cshtml
~/Areas/Admin/Views/Dashboard/Category.vbhtml
~/Areas/Admin/Views/Shared/Category.cshtml
~/Areas/Admin/Views/Shared/Category.vbhtml
~/Views/Dashboard/Category.cshtml
~/Views/Dashboard/Category.vbhtml
~/Views/Shared/Category.cshtml
~/Views/Shared/Category.vbhtml 
2019-06-02 19:13:15.4158 FATAL    -The view 'Skill' or its master was not found or no view engine supports the searched locations. The following locations were searched:
~/Areas/Admin/Views/Dashboard/Skill.aspx
~/Areas/Admin/Views/Dashboard/Skill.ascx
~/Areas/Admin/Views/Shared/Skill.aspx
~/Areas/Admin/Views/Shared/Skill.ascx
~/Views/Dashboard/Skill.aspx
~/Views/Dashboard/Skill.ascx
~/Views/Shared/Skill.aspx
~/Views/Shared/Skill.ascx
~/Areas/Admin/Views/Dashboard/Skill.cshtml
~/Areas/Admin/Views/Dashboard/Skill.vbhtml
~/Areas/Admin/Views/Shared/Skill.cshtml
~/Areas/Admin/Views/Shared/Skill.vbhtml
~/Views/Dashboard/Skill.cshtml
~/Views/Dashboard/Skill.vbhtml
~/Views/Shared/Skill.cshtml
~/Views/Shared/Skill.vbhtml 
2019-06-02 19:14:20.2844 FATAL    -The view 'Category' or its master was not found or no view engine supports the searched locations. The following locations were searched:
~/Areas/Admin/Views/Dashboard/Category.aspx
~/Areas/Admin/Views/Dashboard/Category.ascx
~/Areas/Admin/Views/Shared/Category.aspx
~/Areas/Admin/Views/Shared/Category.ascx
~/Views/Dashboard/Category.aspx
~/Views/Dashboard/Category.ascx
~/Views/Shared/Category.aspx
~/Views/Shared/Category.ascx
~/Areas/Admin/Views/Dashboard/Category.cshtml
~/Areas/Admin/Views/Dashboard/Category.vbhtml
~/Areas/Admin/Views/Shared/Category.cshtml
~/Areas/Admin/Views/Shared/Category.vbhtml
~/Views/Dashboard/Category.cshtml
~/Views/Dashboard/Category.vbhtml
~/Views/Shared/Category.cshtml
~/Views/Shared/Category.vbhtml 
2019-06-02 19:14:22.4328 FATAL    -The view 'Skill' or its master was not found or no view engine supports the searched locations. The following locations were searched:
~/Areas/Admin/Views/Dashboard/Skill.aspx
~/Areas/Admin/Views/Dashboard/Skill.ascx
~/Areas/Admin/Views/Shared/Skill.aspx
~/Areas/Admin/Views/Shared/Skill.ascx
~/Views/Dashboard/Skill.aspx
~/Views/Dashboard/Skill.ascx
~/Views/Shared/Skill.aspx
~/Views/Shared/Skill.ascx
~/Areas/Admin/Views/Dashboard/Skill.cshtml
~/Areas/Admin/Views/Dashboard/Skill.vbhtml
~/Areas/Admin/Views/Shared/Skill.cshtml
~/Areas/Admin/Views/Shared/Skill.vbhtml
~/Views/Dashboard/Skill.cshtml
~/Views/Dashboard/Skill.vbhtml
~/Views/Shared/Skill.cshtml
~/Views/Shared/Skill.vbhtml 
2019-06-02 19:15:54.6553 FATAL    -The view 'Category' or its master was not found or no view engine supports the searched locations. The following locations were searched:
~/Areas/Admin/Views/Dashboard/Category.aspx
~/Areas/Admin/Views/Dashboard/Category.ascx
~/Areas/Admin/Views/Shared/Category.aspx
~/Areas/Admin/Views/Shared/Category.ascx
~/Views/Dashboard/Category.aspx
~/Views/Dashboard/Category.ascx
~/Views/Shared/Category.aspx
~/Views/Shared/Category.ascx
~/Areas/Admin/Views/Dashboard/Category.cshtml
~/Areas/Admin/Views/Dashboard/Category.vbhtml
~/Areas/Admin/Views/Shared/Category.cshtml
~/Areas/Admin/Views/Shared/Category.vbhtml
~/Views/Dashboard/Category.cshtml
~/Views/Dashboard/Category.vbhtml
~/Views/Shared/Category.cshtml
~/Views/Shared/Category.vbhtml 
2019-06-02 19:15:55.5736 FATAL    -The view 'Skill' or its master was not found or no view engine supports the searched locations. The following locations were searched:
~/Areas/Admin/Views/Dashboard/Skill.aspx
~/Areas/Admin/Views/Dashboard/Skill.ascx
~/Areas/Admin/Views/Shared/Skill.aspx
~/Areas/Admin/Views/Shared/Skill.ascx
~/Views/Dashboard/Skill.aspx
~/Views/Dashboard/Skill.ascx
~/Views/Shared/Skill.aspx
~/Views/Shared/Skill.ascx
~/Areas/Admin/Views/Dashboard/Skill.cshtml
~/Areas/Admin/Views/Dashboard/Skill.vbhtml
~/Areas/Admin/Views/Shared/Skill.cshtml
~/Areas/Admin/Views/Shared/Skill.vbhtml
~/Views/Dashboard/Skill.cshtml
~/Views/Dashboard/Skill.vbhtml
~/Views/Shared/Skill.cshtml
~/Views/Shared/Skill.vbhtml 
2019-06-02 19:17:04.8122 FATAL    -The view 'Category' or its master was not found or no view engine supports the searched locations. The following locations were searched:
~/Areas/Admin/Views/Dashboard/Category.aspx
~/Areas/Admin/Views/Dashboard/Category.ascx
~/Areas/Admin/Views/Shared/Category.aspx
~/Areas/Admin/Views/Shared/Category.ascx
~/Views/Dashboard/Category.aspx
~/Views/Dashboard/Category.ascx
~/Views/Shared/Category.aspx
~/Views/Shared/Category.ascx
~/Areas/Admin/Views/Dashboard/Category.cshtml
~/Areas/Admin/Views/Dashboard/Category.vbhtml
~/Areas/Admin/Views/Shared/Category.cshtml
~/Areas/Admin/Views/Shared/Category.vbhtml
~/Views/Dashboard/Category.cshtml
~/Views/Dashboard/Category.vbhtml
~/Views/Shared/Category.cshtml
~/Views/Shared/Category.vbhtml 
2019-06-02 19:17:06.8712 FATAL    -The view 'Skill' or its master was not found or no view engine supports the searched locations. The following locations were searched:
~/Areas/Admin/Views/Dashboard/Skill.aspx
~/Areas/Admin/Views/Dashboard/Skill.ascx
~/Areas/Admin/Views/Shared/Skill.aspx
~/Areas/Admin/Views/Shared/Skill.ascx
~/Views/Dashboard/Skill.aspx
~/Views/Dashboard/Skill.ascx
~/Views/Shared/Skill.aspx
~/Views/Shared/Skill.ascx
~/Areas/Admin/Views/Dashboard/Skill.cshtml
~/Areas/Admin/Views/Dashboard/Skill.vbhtml
~/Areas/Admin/Views/Shared/Skill.cshtml
~/Areas/Admin/Views/Shared/Skill.vbhtml
~/Views/Dashboard/Skill.cshtml
~/Views/Dashboard/Skill.vbhtml
~/Views/Shared/Skill.cshtml
~/Views/Shared/Skill.vbhtml 
2019-06-02 19:22:29.6071 FATAL    -There is no ViewData item of type 'IEnumerable<SelectListItem>' that has the key 'CategoryId'. 
2019-06-02 19:43:32.7680 FATAL    - 
2019-06-02 19:43:45.8712 FATAL    - 
2019-06-02 19:48:02.7321 FATAL    - 
2019-06-02 19:57:04.9581 FATAL    -Object reference not set to an instance of an object. 
2019-06-02 19:57:07.9669 FATAL    -Object reference not set to an instance of an object. 
2019-06-02 19:58:40.0375 FATAL    -Object reference not set to an instance of an object. 
